<?xml version="1.0" encoding="UTF-8"?>
<testsuite xmlns:xsi="http://www.w3.org/2001/XMLSchema-instance" xsi:noNamespaceSchemaLocation="https://maven.apache.org/surefire/maven-surefire-plugin/xsd/surefire-test-report.xsd" name="com.example.demo.DemoApplicationTests" time="2.306" tests="1" errors="0" skipped="0" failures="0">
  <properties>
    <property name="sun.desktop" value="windows"/>
    <property name="awt.toolkit" value="sun.awt.windows.WToolkit"/>
    <property name="file.encoding.pkg" value="sun.io"/>
    <property name="java.specification.version" value="1.8"/>
    <property name="sun.cpu.isalist" value="amd64"/>
    <property name="sun.jnu.encoding" value="GBK"/>
    <property name="java.class.path" value="C:\Users\18591\IdeaProjects\ry\demo\target\test-classes;C:\Users\18591\IdeaProjects\ry\demo\target\classes;C:\proTools\versionManager\mavenRepository\org\springframework\boot\spring-boot-starter-web\2.2.2.RELEASE\spring-boot-starter-web-2.2.2.RELEASE.jar;C:\proTools\versionManager\mavenRepository\org\springframework\boot\spring-boot-starter\2.2.2.RELEASE\spring-boot-starter-2.2.2.RELEASE.jar;C:\proTools\versionManager\mavenRepository\org\springframework\boot\spring-boot\2.2.2.RELEASE\spring-boot-2.2.2.RELEASE.jar;C:\proTools\versionManager\mavenRepository\org\springframework\boot\spring-boot-autoconfigure\2.2.2.RELEASE\spring-boot-autoconfigure-2.2.2.RELEASE.jar;C:\proTools\versionManager\mavenRepository\org\springframework\boot\spring-boot-starter-logging\2.2.2.RELEASE\spring-boot-starter-logging-2.2.2.RELEASE.jar;C:\proTools\versionManager\mavenRepository\ch\qos\logback\logback-classic\1.2.3\logback-classic-1.2.3.jar;C:\proTools\versionManager\mavenRepository\ch\qos\logback\logback-core\1.2.3\logback-core-1.2.3.jar;C:\proTools\versionManager\mavenRepository\org\apache\logging\log4j\log4j-to-slf4j\2.12.1\log4j-to-slf4j-2.12.1.jar;C:\proTools\versionManager\mavenRepository\org\apache\logging\log4j\log4j-api\2.12.1\log4j-api-2.12.1.jar;C:\proTools\versionManager\mavenRepository\org\slf4j\jul-to-slf4j\1.7.29\jul-to-slf4j-1.7.29.jar;C:\proTools\versionManager\mavenRepository\jakarta\annotation\jakarta.annotation-api\1.3.5\jakarta.annotation-api-1.3.5.jar;C:\proTools\versionManager\mavenRepository\org\yaml\snakeyaml\1.25\snakeyaml-1.25.jar;C:\proTools\versionManager\mavenRepository\org\springframework\boot\spring-boot-starter-json\2.2.2.RELEASE\spring-boot-starter-json-2.2.2.RELEASE.jar;C:\proTools\versionManager\mavenRepository\com\fasterxml\jackson\core\jackson-databind\2.10.1\jackson-databind-2.10.1.jar;C:\proTools\versionManager\mavenRepository\com\fasterxml\jackson\core\jackson-annotations\2.10.1\jackson-annotations-2.10.1.jar;C:\proTools\versionManager\mavenRepository\com\fasterxml\jackson\core\jackson-core\2.10.1\jackson-core-2.10.1.jar;C:\proTools\versionManager\mavenRepository\com\fasterxml\jackson\datatype\jackson-datatype-jdk8\2.10.1\jackson-datatype-jdk8-2.10.1.jar;C:\proTools\versionManager\mavenRepository\com\fasterxml\jackson\datatype\jackson-datatype-jsr310\2.10.1\jackson-datatype-jsr310-2.10.1.jar;C:\proTools\versionManager\mavenRepository\com\fasterxml\jackson\module\jackson-module-parameter-names\2.10.1\jackson-module-parameter-names-2.10.1.jar;C:\proTools\versionManager\mavenRepository\org\springframework\boot\spring-boot-starter-tomcat\2.2.2.RELEASE\spring-boot-starter-tomcat-2.2.2.RELEASE.jar;C:\proTools\versionManager\mavenRepository\org\apache\tomcat\embed\tomcat-embed-core\9.0.29\tomcat-embed-core-9.0.29.jar;C:\proTools\versionManager\mavenRepository\org\apache\tomcat\embed\tomcat-embed-el\9.0.29\tomcat-embed-el-9.0.29.jar;C:\proTools\versionManager\mavenRepository\org\apache\tomcat\embed\tomcat-embed-websocket\9.0.29\tomcat-embed-websocket-9.0.29.jar;C:\proTools\versionManager\mavenRepository\org\springframework\boot\spring-boot-starter-validation\2.2.2.RELEASE\spring-boot-starter-validation-2.2.2.RELEASE.jar;C:\proTools\versionManager\mavenRepository\jakarta\validation\jakarta.validation-api\2.0.1\jakarta.validation-api-2.0.1.jar;C:\proTools\versionManager\mavenRepository\org\hibernate\validator\hibernate-validator\6.0.18.Final\hibernate-validator-6.0.18.Final.jar;C:\proTools\versionManager\mavenRepository\org\jboss\logging\jboss-logging\3.4.1.Final\jboss-logging-3.4.1.Final.jar;C:\proTools\versionManager\mavenRepository\com\fasterxml\classmate\1.5.1\classmate-1.5.1.jar;C:\proTools\versionManager\mavenRepository\org\springframework\spring-web\5.2.2.RELEASE\spring-web-5.2.2.RELEASE.jar;C:\proTools\versionManager\mavenRepository\org\springframework\spring-beans\5.2.2.RELEASE\spring-beans-5.2.2.RELEASE.jar;C:\proTools\versionManager\mavenRepository\org\springframework\spring-webmvc\5.2.2.RELEASE\spring-webmvc-5.2.2.RELEASE.jar;C:\proTools\versionManager\mavenRepository\org\springframework\spring-aop\5.2.2.RELEASE\spring-aop-5.2.2.RELEASE.jar;C:\proTools\versionManager\mavenRepository\org\springframework\spring-context\5.2.2.RELEASE\spring-context-5.2.2.RELEASE.jar;C:\proTools\versionManager\mavenRepository\org\springframework\spring-expression\5.2.2.RELEASE\spring-expression-5.2.2.RELEASE.jar;C:\proTools\versionManager\mavenRepository\org\springframework\boot\spring-boot-starter-test\2.2.2.RELEASE\spring-boot-starter-test-2.2.2.RELEASE.jar;C:\proTools\versionManager\mavenRepository\org\springframework\boot\spring-boot-test\2.2.2.RELEASE\spring-boot-test-2.2.2.RELEASE.jar;C:\proTools\versionManager\mavenRepository\org\springframework\boot\spring-boot-test-autoconfigure\2.2.2.RELEASE\spring-boot-test-autoconfigure-2.2.2.RELEASE.jar;C:\proTools\versionManager\mavenRepository\com\jayway\jsonpath\json-path\2.4.0\json-path-2.4.0.jar;C:\proTools\versionManager\mavenRepository\net\minidev\json-smart\2.3\json-smart-2.3.jar;C:\proTools\versionManager\mavenRepository\net\minidev\accessors-smart\1.2\accessors-smart-1.2.jar;C:\proTools\versionManager\mavenRepository\org\ow2\asm\asm\5.0.4\asm-5.0.4.jar;C:\proTools\versionManager\mavenRepository\org\slf4j\slf4j-api\1.7.29\slf4j-api-1.7.29.jar;C:\proTools\versionManager\mavenRepository\jakarta\xml\bind\jakarta.xml.bind-api\2.3.2\jakarta.xml.bind-api-2.3.2.jar;C:\proTools\versionManager\mavenRepository\jakarta\activation\jakarta.activation-api\1.2.1\jakarta.activation-api-1.2.1.jar;C:\proTools\versionManager\mavenRepository\org\junit\jupiter\junit-jupiter\5.5.2\junit-jupiter-5.5.2.jar;C:\proTools\versionManager\mavenRepository\org\junit\jupiter\junit-jupiter-api\5.5.2\junit-jupiter-api-5.5.2.jar;C:\proTools\versionManager\mavenRepository\org\apiguardian\apiguardian-api\1.1.0\apiguardian-api-1.1.0.jar;C:\proTools\versionManager\mavenRepository\org\opentest4j\opentest4j\1.2.0\opentest4j-1.2.0.jar;C:\proTools\versionManager\mavenRepository\org\junit\platform\junit-platform-commons\1.5.2\junit-platform-commons-1.5.2.jar;C:\proTools\versionManager\mavenRepository\org\junit\jupiter\junit-jupiter-params\5.5.2\junit-jupiter-params-5.5.2.jar;C:\proTools\versionManager\mavenRepository\org\junit\jupiter\junit-jupiter-engine\5.5.2\junit-jupiter-engine-5.5.2.jar;C:\proTools\versionManager\mavenRepository\org\junit\platform\junit-platform-engine\1.5.2\junit-platform-engine-1.5.2.jar;C:\proTools\versionManager\mavenRepository\org\mockito\mockito-junit-jupiter\3.1.0\mockito-junit-jupiter-3.1.0.jar;C:\proTools\versionManager\mavenRepository\org\assertj\assertj-core\3.13.2\assertj-core-3.13.2.jar;C:\proTools\versionManager\mavenRepository\org\hamcrest\hamcrest\2.1\hamcrest-2.1.jar;C:\proTools\versionManager\mavenRepository\org\mockito\mockito-core\3.1.0\mockito-core-3.1.0.jar;C:\proTools\versionManager\mavenRepository\net\bytebuddy\byte-buddy\1.10.4\byte-buddy-1.10.4.jar;C:\proTools\versionManager\mavenRepository\net\bytebuddy\byte-buddy-agent\1.10.4\byte-buddy-agent-1.10.4.jar;C:\proTools\versionManager\mavenRepository\org\objenesis\objenesis\2.6\objenesis-2.6.jar;C:\proTools\versionManager\mavenRepository\org\skyscreamer\jsonassert\1.5.0\jsonassert-1.5.0.jar;C:\proTools\versionManager\mavenRepository\com\vaadin\external\google\android-json\0.0.20131108.vaadin1\android-json-0.0.20131108.vaadin1.jar;C:\proTools\versionManager\mavenRepository\org\springframework\spring-core\5.2.2.RELEASE\spring-core-5.2.2.RELEASE.jar;C:\proTools\versionManager\mavenRepository\org\springframework\spring-jcl\5.2.2.RELEASE\spring-jcl-5.2.2.RELEASE.jar;C:\proTools\versionManager\mavenRepository\org\springframework\spring-test\5.2.2.RELEASE\spring-test-5.2.2.RELEASE.jar;C:\proTools\versionManager\mavenRepository\org\xmlunit\xmlunit-core\2.6.3\xmlunit-core-2.6.3.jar;"/>
    <property name="java.vm.vendor" value="Oracle Corporation"/>
    <property name="sun.arch.data.model" value="64"/>
    <property name="user.variant" value=""/>
    <property name="java.vendor.url" value="http://java.oracle.com/"/>
    <property name="user.timezone" value="Asia/Shanghai"/>
    <property name="java.vm.specification.version" value="1.8"/>
    <property name="os.name" value="Windows 10"/>
    <property name="user.country" value="CN"/>
    <property name="sun.java.launcher" value="SUN_STANDARD"/>
    <property name="sun.boot.library.path" value="C:\proTools\Java\jdk1.8\jre\bin"/>
    <property name="sun.java.command" value="C:\Users\18591\AppData\Local\Temp\surefire4623773260323792539\surefirebooter8462079342980586669.jar C:\Users\18591\AppData\Local\Temp\surefire4623773260323792539 2019-12-24T15-42-34_779-jvmRun1 surefire2202971887594122650tmp surefire_05263217412692695643tmp"/>
    <property name="surefire.test.class.path" value="C:\Users\18591\IdeaProjects\ry\demo\target\test-classes;C:\Users\18591\IdeaProjects\ry\demo\target\classes;C:\proTools\versionManager\mavenRepository\org\springframework\boot\spring-boot-starter-web\2.2.2.RELEASE\spring-boot-starter-web-2.2.2.RELEASE.jar;C:\proTools\versionManager\mavenRepository\org\springframework\boot\spring-boot-starter\2.2.2.RELEASE\spring-boot-starter-2.2.2.RELEASE.jar;C:\proTools\versionManager\mavenRepository\org\springframework\boot\spring-boot\2.2.2.RELEASE\spring-boot-2.2.2.RELEASE.jar;C:\proTools\versionManager\mavenRepository\org\springframework\boot\spring-boot-autoconfigure\2.2.2.RELEASE\spring-boot-autoconfigure-2.2.2.RELEASE.jar;C:\proTools\versionManager\mavenRepository\org\springframework\boot\spring-boot-starter-logging\2.2.2.RELEASE\spring-boot-starter-logging-2.2.2.RELEASE.jar;C:\proTools\versionManager\mavenRepository\ch\qos\logback\logback-classic\1.2.3\logback-classic-1.2.3.jar;C:\proTools\versionManager\mavenRepository\ch\qos\logback\logback-core\1.2.3\logback-core-1.2.3.jar;C:\proTools\versionManager\mavenRepository\org\apache\logging\log4j\log4j-to-slf4j\2.12.1\log4j-to-slf4j-2.12.1.jar;C:\proTools\versionManager\mavenRepository\org\apache\logging\log4j\log4j-api\2.12.1\log4j-api-2.12.1.jar;C:\proTools\versionManager\mavenRepository\org\slf4j\jul-to-slf4j\1.7.29\jul-to-slf4j-1.7.29.jar;C:\proTools\versionManager\mavenRepository\jakarta\annotation\jakarta.annotation-api\1.3.5\jakarta.annotation-api-1.3.5.jar;C:\proTools\versionManager\mavenRepository\org\yaml\snakeyaml\1.25\snakeyaml-1.25.jar;C:\proTools\versionManager\mavenRepository\org\springframework\boot\spring-boot-starter-json\2.2.2.RELEASE\spring-boot-starter-json-2.2.2.RELEASE.jar;C:\proTools\versionManager\mavenRepository\com\fasterxml\jackson\core\jackson-databind\2.10.1\jackson-databind-2.10.1.jar;C:\proTools\versionManager\mavenRepository\com\fasterxml\jackson\core\jackson-annotations\2.10.1\jackson-annotations-2.10.1.jar;C:\proTools\versionManager\mavenRepository\com\fasterxml\jackson\core\jackson-core\2.10.1\jackson-core-2.10.1.jar;C:\proTools\versionManager\mavenRepository\com\fasterxml\jackson\datatype\jackson-datatype-jdk8\2.10.1\jackson-datatype-jdk8-2.10.1.jar;C:\proTools\versionManager\mavenRepository\com\fasterxml\jackson\datatype\jackson-datatype-jsr310\2.10.1\jackson-datatype-jsr310-2.10.1.jar;C:\proTools\versionManager\mavenRepository\com\fasterxml\jackson\module\jackson-module-parameter-names\2.10.1\jackson-module-parameter-names-2.10.1.jar;C:\proTools\versionManager\mavenRepository\org\springframework\boot\spring-boot-starter-tomcat\2.2.2.RELEASE\spring-boot-starter-tomcat-2.2.2.RELEASE.jar;C:\proTools\versionManager\mavenRepository\org\apache\tomcat\embed\tomcat-embed-core\9.0.29\tomcat-embed-core-9.0.29.jar;C:\proTools\versionManager\mavenRepository\org\apache\tomcat\embed\tomcat-embed-el\9.0.29\tomcat-embed-el-9.0.29.jar;C:\proTools\versionManager\mavenRepository\org\apache\tomcat\embed\tomcat-embed-websocket\9.0.29\tomcat-embed-websocket-9.0.29.jar;C:\proTools\versionManager\mavenRepository\org\springframework\boot\spring-boot-starter-validation\2.2.2.RELEASE\spring-boot-starter-validation-2.2.2.RELEASE.jar;C:\proTools\versionManager\mavenRepository\jakarta\validation\jakarta.validation-api\2.0.1\jakarta.validation-api-2.0.1.jar;C:\proTools\versionManager\mavenRepository\org\hibernate\validator\hibernate-validator\6.0.18.Final\hibernate-validator-6.0.18.Final.jar;C:\proTools\versionManager\mavenRepository\org\jboss\logging\jboss-logging\3.4.1.Final\jboss-logging-3.4.1.Final.jar;C:\proTools\versionManager\mavenRepository\com\fasterxml\classmate\1.5.1\classmate-1.5.1.jar;C:\proTools\versionManager\mavenRepository\org\springframework\spring-web\5.2.2.RELEASE\spring-web-5.2.2.RELEASE.jar;C:\proTools\versionManager\mavenRepository\org\springframework\spring-beans\5.2.2.RELEASE\spring-beans-5.2.2.RELEASE.jar;C:\proTools\versionManager\mavenRepository\org\springframework\spring-webmvc\5.2.2.RELEASE\spring-webmvc-5.2.2.RELEASE.jar;C:\proTools\versionManager\mavenRepository\org\springframework\spring-aop\5.2.2.RELEASE\spring-aop-5.2.2.RELEASE.jar;C:\proTools\versionManager\mavenRepository\org\springframework\spring-context\5.2.2.RELEASE\spring-context-5.2.2.RELEASE.jar;C:\proTools\versionManager\mavenRepository\org\springframework\spring-expression\5.2.2.RELEASE\spring-expression-5.2.2.RELEASE.jar;C:\proTools\versionManager\mavenRepository\org\springframework\boot\spring-boot-starter-test\2.2.2.RELEASE\spring-boot-starter-test-2.2.2.RELEASE.jar;C:\proTools\versionManager\mavenRepository\org\springframework\boot\spring-boot-test\2.2.2.RELEASE\spring-boot-test-2.2.2.RELEASE.jar;C:\proTools\versionManager\mavenRepository\org\springframework\boot\spring-boot-test-autoconfigure\2.2.2.RELEASE\spring-boot-test-autoconfigure-2.2.2.RELEASE.jar;C:\proTools\versionManager\mavenRepository\com\jayway\jsonpath\json-path\2.4.0\json-path-2.4.0.jar;C:\proTools\versionManager\mavenRepository\net\minidev\json-smart\2.3\json-smart-2.3.jar;C:\proTools\versionManager\mavenRepository\net\minidev\accessors-smart\1.2\accessors-smart-1.2.jar;C:\proTools\versionManager\mavenRepository\org\ow2\asm\asm\5.0.4\asm-5.0.4.jar;C:\proTools\versionManager\mavenRepository\org\slf4j\slf4j-api\1.7.29\slf4j-api-1.7.29.jar;C:\proTools\versionManager\mavenRepository\jakarta\xml\bind\jakarta.xml.bind-api\2.3.2\jakarta.xml.bind-api-2.3.2.jar;C:\proTools\versionManager\mavenRepository\jakarta\activation\jakarta.activation-api\1.2.1\jakarta.activation-api-1.2.1.jar;C:\proTools\versionManager\mavenRepository\org\junit\jupiter\junit-jupiter\5.5.2\junit-jupiter-5.5.2.jar;C:\proTools\versionManager\mavenRepository\org\junit\jupiter\junit-jupiter-api\5.5.2\junit-jupiter-api-5.5.2.jar;C:\proTools\versionManager\mavenRepository\org\apiguardian\apiguardian-api\1.1.0\apiguardian-api-1.1.0.jar;C:\proTools\versionManager\mavenRepository\org\opentest4j\opentest4j\1.2.0\opentest4j-1.2.0.jar;C:\proTools\versionManager\mavenRepository\org\junit\platform\junit-platform-commons\1.5.2\junit-platform-commons-1.5.2.jar;C:\proTools\versionManager\mavenRepository\org\junit\jupiter\junit-jupiter-params\5.5.2\junit-jupiter-params-5.5.2.jar;C:\proTools\versionManager\mavenRepository\org\junit\jupiter\junit-jupiter-engine\5.5.2\junit-jupiter-engine-5.5.2.jar;C:\proTools\versionManager\mavenRepository\org\junit\platform\junit-platform-engine\1.5.2\junit-platform-engine-1.5.2.jar;C:\proTools\versionManager\mavenRepository\org\mockito\mockito-junit-jupiter\3.1.0\mockito-junit-jupiter-3.1.0.jar;C:\proTools\versionManager\mavenRepository\org\assertj\assertj-core\3.13.2\assertj-core-3.13.2.jar;C:\proTools\versionManager\mavenRepository\org\hamcrest\hamcrest\2.1\hamcrest-2.1.jar;C:\proTools\versionManager\mavenRepository\org\mockito\mockito-core\3.1.0\mockito-core-3.1.0.jar;C:\proTools\versionManager\mavenRepository\net\bytebuddy\byte-buddy\1.10.4\byte-buddy-1.10.4.jar;C:\proTools\versionManager\mavenRepository\net\bytebuddy\byte-buddy-agent\1.10.4\byte-buddy-agent-1.10.4.jar;C:\proTools\versionManager\mavenRepository\org\objenesis\objenesis\2.6\objenesis-2.6.jar;C:\proTools\versionManager\mavenRepository\org\skyscreamer\jsonassert\1.5.0\jsonassert-1.5.0.jar;C:\proTools\versionManager\mavenRepository\com\vaadin\external\google\android-json\0.0.20131108.vaadin1\android-json-0.0.20131108.vaadin1.jar;C:\proTools\versionManager\mavenRepository\org\springframework\spring-core\5.2.2.RELEASE\spring-core-5.2.2.RELEASE.jar;C:\proTools\versionManager\mavenRepository\org\springframework\spring-jcl\5.2.2.RELEASE\spring-jcl-5.2.2.RELEASE.jar;C:\proTools\versionManager\mavenRepository\org\springframework\spring-test\5.2.2.RELEASE\spring-test-5.2.2.RELEASE.jar;C:\proTools\versionManager\mavenRepository\org\xmlunit\xmlunit-core\2.6.3\xmlunit-core-2.6.3.jar;"/>
    <property name="sun.cpu.endian" value="little"/>
    <property name="user.home" value="C:\Users\18591"/>
    <property name="user.language" value="zh"/>
    <property name="java.specification.vendor" value="Oracle Corporation"/>
    <property name="java.home" value="C:\proTools\Java\jdk1.8\jre"/>
    <property name="basedir" value="C:\Users\18591\IdeaProjects\ry\demo"/>
    <property name="file.separator" value="\"/>
    <property name="line.separator" value="&#10;"/>
    <property name="java.vm.specification.vendor" value="Oracle Corporation"/>
    <property name="java.specification.name" value="Java Platform API Specification"/>
    <property name="java.awt.graphicsenv" value="sun.awt.Win32GraphicsEnvironment"/>
    <property name="surefire.real.class.path" value="C:\Users\18591\AppData\Local\Temp\surefire4623773260323792539\surefirebooter8462079342980586669.jar"/>
    <property name="sun.boot.class.path" value="C:\proTools\Java\jdk1.8\jre\lib\resources.jar;C:\proTools\Java\jdk1.8\jre\lib\rt.jar;C:\proTools\Java\jdk1.8\jre\lib\sunrsasign.jar;C:\proTools\Java\jdk1.8\jre\lib\jsse.jar;C:\proTools\Java\jdk1.8\jre\lib\jce.jar;C:\proTools\Java\jdk1.8\jre\lib\charsets.jar;C:\proTools\Java\jdk1.8\jre\lib\jfr.jar;C:\proTools\Java\jdk1.8\jre\classes"/>
    <property name="user.script" value=""/>
    <property name="sun.management.compiler" value="HotSpot 64-Bit Tiered Compilers"/>
    <property name="java.runtime.version" value="1.8.0_111-b14"/>
    <property name="user.name" value="18591"/>
    <property name="path.separator" value=";"/>
    <property name="os.version" value="10.0"/>
    <property name="java.endorsed.dirs" value="C:\proTools\Java\jdk1.8\jre\lib\endorsed"/>
    <property name="java.runtime.name" value="Java(TM) SE Runtime Environment"/>
    <property name="file.encoding" value="GBK"/>
    <property name="java.vm.name" value="Java HotSpot(TM) 64-Bit Server VM"/>
    <property name="localRepository" value="C:\proTools\versionManager\mavenRepository"/>
    <property name="java.vendor.url.bug" value="http://bugreport.sun.com/bugreport/"/>
    <property name="java.io.tmpdir" value="C:\Users\18591\AppData\Local\Temp\"/>
    <property name="java.version" value="1.8.0_111"/>
    <property name="user.dir" value="C:\Users\18591\IdeaProjects\ry\demo"/>
    <property name="os.arch" value="amd64"/>
    <property name="java.vm.specification.name" value="Java Virtual Machine Specification"/>
    <property name="java.awt.printerjob" value="sun.awt.windows.WPrinterJob"/>
    <property name="sun.os.patch.level" value=""/>
    <property name="java.library.path" value="C:\proTools\Java\jdk1.8\jre\bin;C:\Windows\Sun\Java\bin;C:\Windows\system32;C:\Windows;C:\ProgramData\Oracle\Java\javapath;C:\Program Files (x86)\Intel\Intel(R) Management Engine Components\iCLS\;C:\Program Files\Intel\Intel(R) Management Engine Components\iCLS\;C:\Windows\system32;C:\Windows;C:\Windows\System32\Wbem;C:\Windows\System32\WindowsPowerShell\v1.0\;C:\Windows\System32\OpenSSH\;C:\Program Files (x86)\Intel\Intel(R) Management Engine Components\DAL;C:\Program Files\Intel\Intel(R) Management Engine Components\DAL;C:\Program Files (x86)\Intel\Intel(R) Management Engine Components\IPT;C:\Program Files\Intel\Intel(R) Management Engine Components\IPT;C:\Program Files (x86)\NVIDIA Corporation\PhysX\Common;C:\Program Files\NVIDIA Corporation\NVIDIA NvDLISR;C:\Program Files\Intel\WiFi\bin\;C:\Program Files\Common Files\Intel\WirelessCommon\;C:\proTools\Java\jdk1.8\bin;C:\proTools\Git\cmd;C:\proTools\TortoiseSVN\bin;C:\proTools\db\MySQL\MySQL Server 5.5\bin;C:\proTools\maven3.5.0\bin;%MAVEN_HOME%\bin;C:\proTools\vscode\Microsoft VS Code\bin;C:\application\pict\;C:\soft\程序开发\sonar-scanner-cli-4.2.0.1873-windows\sonar-scanner-4.2.0.1873-windows\bin;C:\soft\程序开发\mysql-5.6.46-winx64\mysql-5.6.46-winx64\bin;C:\application\Mozilla Firefox;C:\Users\18591\AppData\Local\Programs\Python\Python38\Scripts\;C:\proTools\TortoiseGit\bin;C:\Users\18591\AppData\Local\Programs\Python\Python38\Scripts\;C:\Users\18591\AppData\Local\Programs\Python\Python38\;C:\Users\18591\AppData\Local\Microsoft\WindowsApps;&quot;.;C:\proTools\Java\jdk1.8\bin;&quot;;;C:\proTools\pychram\PyCharm Community Edition 2019.3\bin;;."/>
    <property name="java.vm.info" value="mixed mode"/>
    <property name="java.vendor" value="Oracle Corporation"/>
    <property name="java.vm.version" value="25.111-b14"/>
    <property name="java.ext.dirs" value="C:\proTools\Java\jdk1.8\jre\lib\ext;C:\Windows\Sun\Java\lib\ext"/>
    <property name="sun.io.unicode.encoding" value="UnicodeLittle"/>
    <property name="java.class.version" value="52.0"/>
  </properties>
  <testcase name="contextLoads" classname="com.example.demo.DemoApplicationTests" time="0.201"/>
</testsuite>